<?xml version="1.0" encoding="UTF-8"?>
<!-- Generated by org.testng.reporters.JUnitXMLReporter -->
<testsuite ignored="0" hostname="Ibrahims.local" failures="0" tests="4" name="docker Tests" time="42.435" errors="0" timestamp="2020-02-24T14:19:04 MEZ">
  <testcase classname="dockerTests.DockerTest3" name="dockerTest" time="8.284"/>
  <testcase classname="dockerTests.DockerTest" name="dockerTest" time="12.833"/>
  <testcase classname="dockerTests.DockerTest2" name="dockerTest" time="15.115"/>
  <testcase classname="dockerTests.DockerTest4" name="dockerTest" time="22.345"/>
</testsuite> <!-- docker Tests -->
