<?xml version="1.0" encoding="UTF-8"?>
<!-- Generated by org.testng.reporters.JUnitXMLReporter -->
<testsuite ignored="0" hostname="Ibrahims.local" failures="0" tests="4" name="docker Tests" time="41.79" errors="0" timestamp="2020-02-24T14:26:34 MEZ">
  <testcase classname="dockerTests.DockerTest3" name="dockerTest" time="8.293"/>
  <testcase classname="dockerTests.DockerTest" name="dockerTest" time="13.089"/>
  <testcase classname="dockerTests.DockerTest4" name="dockerTest" time="14.99"/>
  <testcase classname="dockerTests.DockerTest2" name="dockerTest" time="21.714"/>
</testsuite> <!-- docker Tests -->
