<?xml version="1.0" encoding="UTF-8"?>
<testng-results ignored="0" total="1" passed="1" failed="0" skipped="0">
  <reporter-output>
  </reporter-output>
  <suite started-at="2020-02-25T10:08:18 MEZ" name="docker" finished-at="2020-02-25T10:08:54 MEZ" duration-ms="35769">
    <groups>
    </groups>
    <test started-at="2020-02-25T10:08:18 MEZ" name="docker Tests" finished-at="2020-02-25T10:08:54 MEZ" duration-ms="35769">
      <class name="dockerTests.DockerTest">
        <test-method signature="dockerTest()[pri:0, instance:dockerTests.DockerTest@1b68b9a4]" started-at="2020-02-25T10:08:33 MEZ" name="dockerTest" finished-at="2020-02-25T10:08:49 MEZ" duration-ms="15676" status="PASS">
          <reporter-output>
          </reporter-output>
        </test-method> <!-- dockerTest -->
      </class> <!-- dockerTests.DockerTest -->
      <class name="dockerTests.SetupDockerGrid">
        <test-method is-config="true" signature="startDockerGrid()[pri:0, instance:dockerTests.SetupDockerGrid@64d2d351]" started-at="2020-02-25T10:08:18 MEZ" name="startDockerGrid" finished-at="2020-02-25T10:08:33 MEZ" duration-ms="15029" status="PASS">
          <reporter-output>
          </reporter-output>
        </test-method> <!-- startDockerGrid -->
        <test-method is-config="true" signature="stopDockerGrid()[pri:0, instance:dockerTests.SetupDockerGrid@64d2d351]" started-at="2020-02-25T10:08:49 MEZ" name="stopDockerGrid" finished-at="2020-02-25T10:08:54 MEZ" duration-ms="5024" status="PASS">
          <reporter-output>
          </reporter-output>
        </test-method> <!-- stopDockerGrid -->
      </class> <!-- dockerTests.SetupDockerGrid -->
    </test> <!-- docker Tests -->
  </suite> <!-- docker -->
</testng-results>
