-------------------------------------------------------------------------------
Test set: TestSuite
-------------------------------------------------------------------------------
Tests run: 1, Failures: 1, Errors: 0, Skipped: 0, Time elapsed: 31.153 s <<< FAILURE! - in TestSuite
dockerTest(dockerTests.DockerTest)  Time elapsed: 0.01 s  <<< FAILURE!
java.lang.NullPointerException: key can't be null
	at dockerTests.DockerTest.dockerTest(DockerTest.java:13)

